2024-10-24 00:00:03 [main] INFO  GtfParser - Starting to parse gtf file
2024-10-24 00:00:03 [main] INFO  GtfParser - GTF-File parsed
2024-10-24 00:00:03 [main] INFO  Main - Time needed for parsing: 0.126 seconds
2024-10-24 00:00:03 [main] INFO  Main - Starting exon skipping computation
2024-10-24 00:00:03 [main] INFO  ExonSkipping - Starting to compute WTs and SVs
2024-10-24 00:01:28 [main] INFO  Main - Finished exon skipping computation
2024-10-24 00:01:28 [main] INFO  Main - Time needed for exon skipping: 84.405 seconds
2024-10-24 00:02:03 [main] INFO  GtfParser - Starting to parse gtf file
2024-10-24 00:02:03 [main] INFO  GtfParser - GTF-File parsed
2024-10-24 00:02:03 [main] INFO  Main - Time needed for parsing: 0.106 seconds
2024-10-24 00:02:03 [main] INFO  Main - Starting exon skipping computation
2024-10-24 00:02:03 [main] INFO  ExonSkipping - Starting to compute WTs and SVs
2024-10-24 00:10:09 [main] INFO  Main - Finished exon skipping computation
2024-10-24 00:10:09 [main] INFO  Main - Time needed for exon skipping: 486.186 seconds
2024-10-24 00:10:13 [main] INFO  GtfParser - Starting to parse gtf file
2024-10-24 00:10:13 [main] INFO  GtfParser - GTF-File parsed
2024-10-24 00:10:13 [main] INFO  Main - Time needed for parsing: 0.115 seconds
2024-10-24 00:10:13 [main] INFO  Main - Starting exon skipping computation
2024-10-24 00:10:13 [main] INFO  ExonSkipping - Starting to compute WTs and SVs
2024-10-24 00:10:13 [main] INFO  Main - Finished exon skipping computation
2024-10-24 00:10:13 [main] INFO  Main - Time needed for exon skipping: 0.362 seconds
2024-10-24 00:10:24 [main] INFO  GtfParser - Starting to parse gtf file
2024-10-24 00:10:24 [main] INFO  GtfParser - GTF-File parsed
2024-10-24 00:10:24 [main] INFO  Main - Time needed for parsing: 0.117 seconds
2024-10-24 00:10:24 [main] INFO  Main - Starting exon skipping computation
2024-10-24 00:10:24 [main] INFO  ExonSkipping - Starting to compute WTs and SVs
2024-10-24 00:10:51 [main] INFO  Main - Finished exon skipping computation
2024-10-24 00:10:51 [main] INFO  Main - Time needed for exon skipping: 27.168 seconds
2024-10-24 00:11:21 [main] INFO  GtfParser - Starting to parse gtf file
2024-10-24 00:11:21 [main] INFO  GtfParser - GTF-File parsed
2024-10-24 00:11:21 [main] INFO  Main - Time needed for parsing: 0.112 seconds
2024-10-24 00:11:21 [main] INFO  Main - Starting exon skipping computation
2024-10-24 00:11:21 [main] INFO  ExonSkipping - Starting to compute WTs and SVs
2024-10-24 00:15:32 [main] INFO  GtfParser - Starting to parse gtf file
2024-10-24 00:15:32 [main] INFO  GtfParser - GTF-File parsed
2024-10-24 00:15:32 [main] INFO  Main - Time needed for parsing: 0.108 seconds
2024-10-24 00:15:32 [main] INFO  Main - Starting exon skipping computation
2024-10-24 00:15:32 [main] INFO  ExonSkipping - Starting to compute WTs and SVs
2024-10-24 00:16:17 [main] INFO  GtfParser - Starting to parse gtf file
2024-10-24 00:16:17 [main] INFO  GtfParser - GTF-File parsed
2024-10-24 00:16:17 [main] INFO  Main - Time needed for parsing: 0.13 seconds
2024-10-24 00:16:17 [main] INFO  Main - Starting exon skipping computation
2024-10-24 00:16:17 [main] INFO  ExonSkipping - Starting to compute WTs and SVs
2024-10-24 00:17:11 [main] INFO  Main - Finished exon skipping computation
2024-10-24 00:17:11 [main] INFO  Main - Time needed for exon skipping: 53.547 seconds
2024-10-24 00:17:18 [main] INFO  GtfParser - Starting to parse gtf file
2024-10-24 00:17:18 [main] INFO  GtfParser - GTF-File parsed
2024-10-24 00:17:18 [main] INFO  Main - Time needed for parsing: 0.074 seconds
2024-10-24 00:17:18 [main] INFO  Main - Starting exon skipping computation
2024-10-24 00:17:18 [main] INFO  ExonSkipping - Starting to compute WTs and SVs
2024-10-24 00:17:19 [main] INFO  Main - Finished exon skipping computation
2024-10-24 00:17:19 [main] INFO  Main - Time needed for exon skipping: 0.279 seconds
2024-10-24 00:17:49 [main] INFO  GtfParser - Starting to parse gtf file
2024-10-24 00:18:04 [main] INFO  GtfParser - GTF-File parsed
2024-10-24 00:18:04 [main] INFO  Main - Time needed for parsing: 15.492 seconds
2024-10-24 00:18:04 [main] INFO  Main - Starting exon skipping computation
2024-10-24 00:18:04 [main] INFO  ExonSkipping - Starting to compute WTs and SVs
2024-10-24 00:19:30 [main] INFO  GtfParser - Starting to parse gtf file
2024-10-24 00:19:46 [main] INFO  GtfParser - GTF-File parsed
2024-10-24 00:19:46 [main] INFO  Main - Time needed for parsing: 16.124 seconds
2024-10-24 00:19:46 [main] INFO  Main - Starting exon skipping computation
2024-10-24 00:19:46 [main] INFO  ExonSkipping - Starting to compute WTs and SVs
2024-10-24 00:20:59 [main] INFO  GtfParser - Starting to parse gtf file
2024-10-24 00:21:03 [main] INFO  GtfParser - Starting to parse gtf file
2024-10-24 00:21:18 [main] INFO  GtfParser - GTF-File parsed
2024-10-24 00:21:18 [main] INFO  Main - Time needed for parsing: 14.995 seconds
2024-10-24 00:21:18 [main] INFO  Main - Starting exon skipping computation
2024-10-24 00:21:18 [main] INFO  ExonSkipping - Starting to compute WTs and SVs
2024-10-24 00:21:19 [main] INFO  Main - Finished exon skipping computation
2024-10-24 00:21:19 [main] INFO  Main - Time needed for exon skipping: 1.2 seconds
2024-10-24 00:21:40 [main] INFO  GtfParser - Starting to parse gtf file
2024-10-24 00:21:54 [main] INFO  GtfParser - GTF-File parsed
2024-10-24 00:21:54 [main] INFO  Main - Time needed for parsing: 13.769 seconds
2024-10-24 00:21:54 [main] INFO  Main - Starting exon skipping computation
2024-10-24 00:21:54 [main] INFO  ExonSkipping - Starting to compute WTs and SVs
2024-10-24 00:23:03 [main] INFO  GtfParser - Starting to parse gtf file
2024-10-24 00:23:18 [main] INFO  GtfParser - GTF-File parsed
2024-10-24 00:23:18 [main] INFO  Main - Time needed for parsing: 14.298 seconds
2024-10-24 00:23:18 [main] INFO  Main - Starting exon skipping computation
2024-10-24 00:23:18 [main] INFO  ExonSkipping - Starting to compute WTs and SVs
2024-10-24 00:34:03 [main] INFO  GtfParser - Starting to parse gtf file
2024-10-24 00:34:06 [main] INFO  GtfParser - Starting to parse gtf file
2024-10-24 00:34:20 [main] INFO  GtfParser - GTF-File parsed
2024-10-24 00:34:20 [main] INFO  Main - Time needed for parsing: 14.436 seconds
2024-10-24 00:34:20 [main] INFO  Main - Starting exon skipping computation
2024-10-24 00:34:20 [main] INFO  ExonSkipping - Starting to compute WTs and SVs
2024-10-24 00:35:16 [main] INFO  GtfParser - Starting to parse gtf file
2024-10-24 00:35:33 [main] INFO  GtfParser - GTF-File parsed
2024-10-24 00:35:33 [main] INFO  Main - Time needed for parsing: 17.346 seconds
2024-10-24 00:35:33 [main] INFO  Main - Starting exon skipping computation
2024-10-24 00:35:33 [main] INFO  ExonSkipping - Starting to compute WTs and SVs
2024-10-24 00:45:04 [main] INFO  GtfParser - Starting to parse gtf file
2024-10-24 00:45:19 [main] INFO  GtfParser - GTF-File parsed
2024-10-24 00:45:19 [main] INFO  Main - Time needed for parsing: 15.33 seconds
2024-10-24 00:45:19 [main] INFO  Main - Starting exon skipping computation
2024-10-24 00:45:20 [main] INFO  ExonSkipping - Starting to compute WTs and SVs
2024-10-24 00:45:45 [main] INFO  GtfParser - Starting to parse gtf file
2024-10-24 00:46:03 [main] INFO  GtfParser - GTF-File parsed
2024-10-24 00:46:03 [main] INFO  Main - Time needed for parsing: 18.208 seconds
2024-10-24 00:46:03 [main] INFO  Main - Starting exon skipping computation
2024-10-24 00:46:03 [main] INFO  ExonSkipping - Starting to compute WTs and SVs
2024-10-24 00:47:49 [main] INFO  GtfParser - Starting to parse gtf file
2024-10-24 00:48:09 [main] INFO  GtfParser - Starting to parse gtf file
2024-10-24 00:48:21 [main] INFO  GtfParser - GTF-File parsed
2024-10-24 00:48:21 [main] INFO  Main - Time needed for parsing: 11.985 seconds
2024-10-24 00:48:21 [main] INFO  Main - Starting exon skipping computation
2024-10-24 00:48:21 [main] INFO  ExonSkipping - Starting to compute WTs and SVs
2024-10-24 00:50:44 [main] INFO  GtfParser - Starting to parse gtf file
2024-10-24 00:50:55 [main] INFO  GtfParser - Starting to parse gtf file
2024-10-24 00:51:09 [main] INFO  GtfParser - GTF-File parsed
2024-10-24 00:51:09 [main] INFO  Main - Time needed for parsing: 13.88 seconds
2024-10-24 00:51:09 [main] INFO  Main - Starting exon skipping computation
2024-10-24 00:51:09 [main] INFO  ExonSkipping - Starting to compute WTs and SVs
2024-10-24 00:51:33 [main] INFO  GtfParser - Starting to parse gtf file
2024-10-24 00:51:48 [main] INFO  GtfParser - GTF-File parsed
2024-10-24 00:51:48 [main] INFO  Main - Time needed for parsing: 14.637 seconds
2024-10-24 00:51:48 [main] INFO  Main - Starting exon skipping computation
2024-10-24 00:51:48 [main] INFO  ExonSkipping - Starting to compute WTs and SVs
2024-10-24 00:55:05 [main] INFO  GtfParser - Starting to parse gtf file
2024-10-24 00:55:25 [main] INFO  GtfParser - GTF-File parsed
2024-10-24 00:55:25 [main] INFO  Main - Time needed for parsing: 19.722 seconds
2024-10-24 00:55:25 [main] INFO  Main - Starting exon skipping computation
2024-10-24 00:55:25 [main] INFO  ExonSkipping - Starting to compute WTs and SVs
2024-10-24 00:56:06 [main] INFO  GtfParser - Starting to parse gtf file
2024-10-24 00:56:22 [main] INFO  GtfParser - GTF-File parsed
2024-10-24 00:56:22 [main] INFO  Main - Time needed for parsing: 15.781 seconds
2024-10-24 00:56:22 [main] INFO  Main - Starting exon skipping computation
2024-10-24 00:56:22 [main] INFO  ExonSkipping - Starting to compute WTs and SVs
2024-10-24 00:56:53 [main] INFO  GtfParser - Starting to parse gtf file
2024-10-24 00:56:53 [main] INFO  GtfParser - GTF-File parsed
2024-10-24 00:56:53 [main] INFO  Main - Time needed for parsing: 0.114 seconds
2024-10-24 00:56:53 [main] INFO  Main - Starting exon skipping computation
2024-10-24 00:56:53 [main] INFO  ExonSkipping - Starting to compute WTs and SVs
2024-10-24 00:57:39 [main] INFO  GtfParser - Starting to parse gtf file
2024-10-24 00:57:39 [main] INFO  GtfParser - GTF-File parsed
2024-10-24 00:57:39 [main] INFO  Main - Time needed for parsing: 0.105 seconds
2024-10-24 00:57:39 [main] INFO  Main - Starting exon skipping computation
2024-10-24 00:57:39 [main] INFO  ExonSkipping - Starting to compute WTs and SVs
2024-10-24 00:58:04 [main] INFO  Main - Finished exon skipping computation
2024-10-24 00:58:04 [main] INFO  Main - Time needed for exon skipping: 24.1 seconds
2024-10-24 00:58:07 [main] INFO  GtfParser - Starting to parse gtf file
2024-10-24 00:58:07 [main] INFO  GtfParser - GTF-File parsed
2024-10-24 00:58:07 [main] INFO  Main - Time needed for parsing: 0.095 seconds
2024-10-24 00:58:07 [main] INFO  Main - Starting exon skipping computation
2024-10-24 00:58:07 [main] INFO  ExonSkipping - Starting to compute WTs and SVs
2024-10-24 00:58:13 [main] INFO  Main - Finished exon skipping computation
2024-10-24 00:58:13 [main] INFO  Main - Time needed for exon skipping: 5.932 seconds
2024-10-24 00:58:57 [main] INFO  GtfParser - Starting to parse gtf file
2024-10-24 00:58:57 [main] INFO  GtfParser - GTF-File parsed
2024-10-24 00:58:57 [main] INFO  Main - Time needed for parsing: 0.096 seconds
2024-10-24 00:58:57 [main] INFO  Main - Starting exon skipping computation
2024-10-24 00:58:57 [main] INFO  ExonSkipping - Starting to compute WTs and SVs
2024-10-24 00:58:57 [main] INFO  Main - Finished exon skipping computation
2024-10-24 00:58:57 [main] INFO  Main - Time needed for exon skipping: 0.158 seconds
2024-10-24 00:59:18 [main] INFO  GtfParser - Starting to parse gtf file
2024-10-24 00:59:18 [main] INFO  GtfParser - GTF-File parsed
2024-10-24 00:59:18 [main] INFO  Main - Time needed for parsing: 0.074 seconds
2024-10-24 00:59:18 [main] INFO  Main - Starting exon skipping computation
2024-10-24 00:59:18 [main] INFO  ExonSkipping - Starting to compute WTs and SVs
2024-10-24 00:59:18 [main] INFO  Main - Finished exon skipping computation
2024-10-24 00:59:18 [main] INFO  Main - Time needed for exon skipping: 0.122 seconds
2024-10-24 00:59:45 [main] INFO  GtfParser - Starting to parse gtf file
2024-10-24 00:59:57 [main] INFO  GtfParser - GTF-File parsed
2024-10-24 00:59:57 [main] INFO  Main - Time needed for parsing: 11.956 seconds
2024-10-24 00:59:57 [main] INFO  Main - Starting exon skipping computation
2024-10-24 00:59:57 [main] INFO  ExonSkipping - Starting to compute WTs and SVs
2024-10-24 01:01:02 [main] INFO  GtfParser - Starting to parse gtf file
2024-10-24 01:01:02 [main] INFO  GtfParser - GTF-File parsed
2024-10-24 01:01:02 [main] INFO  Main - Time needed for parsing: 0.104 seconds
2024-10-24 01:01:02 [main] INFO  Main - Starting exon skipping computation
2024-10-24 01:01:02 [main] INFO  ExonSkipping - Starting to compute WTs and SVs
2024-10-24 01:02:54 [main] INFO  Main - Finished exon skipping computation
2024-10-24 01:02:54 [main] INFO  Main - Time needed for exon skipping: 112.277 seconds
2024-10-24 01:02:58 [main] INFO  GtfParser - Starting to parse gtf file
2024-10-24 01:02:58 [main] INFO  GtfParser - GTF-File parsed
2024-10-24 01:02:58 [main] INFO  Main - Time needed for parsing: 0.111 seconds
2024-10-24 01:02:58 [main] INFO  Main - Starting exon skipping computation
2024-10-24 01:02:58 [main] INFO  ExonSkipping - Starting to compute WTs and SVs
2024-10-24 01:03:02 [main] INFO  Main - Finished exon skipping computation
2024-10-24 01:03:02 [main] INFO  Main - Time needed for exon skipping: 3.609 seconds
2024-10-24 01:03:23 [main] INFO  GtfParser - Starting to parse gtf file
2024-10-24 01:03:23 [main] INFO  GtfParser - GTF-File parsed
2024-10-24 01:03:23 [main] INFO  Main - Time needed for parsing: 0.106 seconds
2024-10-24 01:03:23 [main] INFO  Main - Starting exon skipping computation
2024-10-24 01:03:23 [main] INFO  ExonSkipping - Starting to compute WTs and SVs
2024-10-24 01:03:31 [main] INFO  Main - Finished exon skipping computation
2024-10-24 01:03:31 [main] INFO  Main - Time needed for exon skipping: 8.315 seconds
2024-10-24 01:04:17 [main] INFO  GtfParser - Starting to parse gtf file
2024-10-24 01:04:17 [main] INFO  GtfParser - GTF-File parsed
2024-10-24 01:04:17 [main] INFO  Main - Time needed for parsing: 0.108 seconds
2024-10-24 01:04:17 [main] INFO  Main - Starting exon skipping computation
2024-10-24 01:04:17 [main] INFO  ExonSkipping - Starting to compute WTs and SVs
2024-10-24 01:04:26 [main] INFO  Main - Finished exon skipping computation
2024-10-24 01:04:26 [main] INFO  Main - Time needed for exon skipping: 8.487 seconds
2024-10-24 01:04:35 [main] INFO  GtfParser - Starting to parse gtf file
2024-10-24 01:04:35 [main] INFO  GtfParser - GTF-File parsed
2024-10-24 01:04:35 [main] INFO  Main - Time needed for parsing: 0.087 seconds
2024-10-24 01:04:35 [main] INFO  Main - Starting exon skipping computation
2024-10-24 01:04:35 [main] INFO  ExonSkipping - Starting to compute WTs and SVs
2024-10-24 01:04:36 [main] INFO  Main - Finished exon skipping computation
2024-10-24 01:04:36 [main] INFO  Main - Time needed for exon skipping: 0.455 seconds
2024-10-24 01:06:56 [main] INFO  GtfParser - Starting to parse gtf file
2024-10-24 01:06:56 [main] INFO  GtfParser - GTF-File parsed
2024-10-24 01:06:56 [main] INFO  Main - Time needed for parsing: 0.104 seconds
2024-10-24 01:06:56 [main] INFO  Main - Starting exon skipping computation
2024-10-24 01:06:56 [main] INFO  ExonSkipping - Starting to compute WTs and SVs
2024-10-24 01:07:16 [main] INFO  GtfParser - Starting to parse gtf file
2024-10-24 01:07:16 [main] INFO  GtfParser - GTF-File parsed
2024-10-24 01:07:16 [main] INFO  Main - Time needed for parsing: 0.176 seconds
2024-10-24 01:07:16 [main] INFO  Main - Starting exon skipping computation
2024-10-24 01:07:16 [main] INFO  ExonSkipping - Starting to compute WTs and SVs
2024-10-24 01:07:19 [main] INFO  Main - Finished exon skipping computation
2024-10-24 01:07:19 [main] INFO  Main - Time needed for exon skipping: 3.078 seconds
2024-10-24 01:08:43 [main] INFO  GtfParser - Starting to parse gtf file
2024-10-24 01:08:43 [main] INFO  GtfParser - GTF-File parsed
2024-10-24 01:08:43 [main] INFO  Main - Time needed for parsing: 0.075 seconds
2024-10-24 01:08:43 [main] INFO  Main - Starting exon skipping computation
2024-10-24 01:08:43 [main] INFO  ExonSkipping - Starting to compute WTs and SVs
2024-10-24 01:08:43 [main] ERROR Main - Error while executing main
java.util.ConcurrentModificationException: null
	at java.base/java.util.HashMap$HashIterator.nextNode(HashMap.java:1605)
	at java.base/java.util.HashMap$EntryIterator.next(HashMap.java:1638)
	at java.base/java.util.HashMap$EntryIterator.next(HashMap.java:1636)
	at ExonSkipping.calculateEsSe(ExonSkipping.java:91)
	at ExonSkipping.compute(ExonSkipping.java:49)
	at Main.main(Main.java:22)
2024-10-24 01:11:05 [main] INFO  GtfParser - Starting to parse gtf file
2024-10-24 01:11:05 [main] INFO  GtfParser - GTF-File parsed
2024-10-24 01:11:05 [main] INFO  Main - Time needed for parsing: 0.097 seconds
2024-10-24 01:11:05 [main] INFO  Main - Starting exon skipping computation
2024-10-24 01:11:05 [main] INFO  ExonSkipping - Starting to compute WTs and SVs
2024-10-24 01:11:05 [main] INFO  Main - Finished exon skipping computation
2024-10-24 01:11:05 [main] INFO  Main - Time needed for exon skipping: 0.22 seconds
2024-10-24 01:11:14 [main] INFO  GtfParser - Starting to parse gtf file
2024-10-24 01:11:14 [main] INFO  GtfParser - GTF-File parsed
2024-10-24 01:11:14 [main] INFO  Main - Time needed for parsing: 0.081 seconds
2024-10-24 01:11:14 [main] INFO  Main - Starting exon skipping computation
2024-10-24 01:11:14 [main] INFO  ExonSkipping - Starting to compute WTs and SVs
2024-10-24 01:11:14 [main] INFO  Main - Finished exon skipping computation
2024-10-24 01:11:14 [main] INFO  Main - Time needed for exon skipping: 0.185 seconds
2024-10-24 01:11:38 [main] INFO  GtfParser - Starting to parse gtf file
2024-10-24 01:11:52 [main] INFO  GtfParser - GTF-File parsed
2024-10-24 01:11:52 [main] INFO  Main - Time needed for parsing: 13.584 seconds
2024-10-24 01:11:52 [main] INFO  Main - Starting exon skipping computation
2024-10-24 01:11:52 [main] INFO  ExonSkipping - Starting to compute WTs and SVs
2024-10-24 01:12:46 [main] INFO  GtfParser - Starting to parse gtf file
2024-10-24 01:13:01 [main] INFO  GtfParser - GTF-File parsed
2024-10-24 01:13:01 [main] INFO  Main - Time needed for parsing: 15.091 seconds
2024-10-24 01:13:01 [main] INFO  Main - Starting exon skipping computation
2024-10-24 01:13:01 [main] INFO  ExonSkipping - Starting to compute WTs and SVs
2024-10-24 01:17:49 [main] INFO  GtfParser - Starting to parse gtf file
2024-10-24 01:18:06 [main] INFO  GtfParser - GTF-File parsed
2024-10-24 01:18:06 [main] INFO  Main - Time needed for parsing: 17.21 seconds
2024-10-24 01:18:06 [main] INFO  Main - Starting exon skipping computation
2024-10-24 01:18:06 [main] INFO  ExonSkipping - Starting to compute WTs and SVs
2024-10-24 01:29:02 [main] INFO  GtfParser - Starting to parse gtf file
2024-10-24 01:29:02 [main] INFO  GtfParser - GTF-File parsed
2024-10-24 01:29:02 [main] INFO  Main - Time needed for parsing: 0.115 seconds
2024-10-24 01:29:02 [main] INFO  Main - Starting exon skipping computation
2024-10-24 01:29:02 [main] INFO  ExonSkipping - Starting to compute WTs and SVs
2024-10-24 01:29:09 [main] INFO  Main - Finished exon skipping computation
2024-10-24 01:29:09 [main] INFO  Main - Time needed for exon skipping: 7.113 seconds
2024-10-24 01:29:18 [main] INFO  GtfParser - Starting to parse gtf file
2024-10-24 01:29:18 [main] INFO  GtfParser - GTF-File parsed
2024-10-24 01:29:18 [main] INFO  Main - Time needed for parsing: 0.102 seconds
2024-10-24 01:29:18 [main] INFO  Main - Starting exon skipping computation
2024-10-24 01:29:18 [main] INFO  ExonSkipping - Starting to compute WTs and SVs
2024-10-24 01:30:11 [main] INFO  Main - Finished exon skipping computation
2024-10-24 01:30:11 [main] INFO  Main - Time needed for exon skipping: 53.152 seconds
2024-10-24 01:30:14 [main] INFO  GtfParser - Starting to parse gtf file
2024-10-24 01:30:15 [main] INFO  GtfParser - GTF-File parsed
2024-10-24 01:30:15 [main] INFO  Main - Time needed for parsing: 0.102 seconds
2024-10-24 01:30:15 [main] INFO  Main - Starting exon skipping computation
2024-10-24 01:30:15 [main] INFO  ExonSkipping - Starting to compute WTs and SVs
2024-10-24 01:31:22 [main] INFO  Main - Finished exon skipping computation
2024-10-24 01:31:22 [main] INFO  Main - Time needed for exon skipping: 67.952 seconds
2024-10-24 01:31:37 [main] INFO  GtfParser - Starting to parse gtf file
2024-10-24 01:31:37 [main] INFO  GtfParser - GTF-File parsed
2024-10-24 01:31:37 [main] INFO  Main - Time needed for parsing: 0.112 seconds
2024-10-24 01:31:37 [main] INFO  Main - Starting exon skipping computation
2024-10-24 01:31:37 [main] INFO  ExonSkipping - Starting to compute WTs and SVs
2024-10-24 01:32:31 [main] INFO  Main - Finished exon skipping computation
2024-10-24 01:32:31 [main] INFO  Main - Time needed for exon skipping: 54.201 seconds
2024-10-24 01:34:57 [main] INFO  GtfParser - Starting to parse gtf file
2024-10-24 01:34:57 [main] INFO  GtfParser - GTF-File parsed
2024-10-24 01:34:57 [main] INFO  Main - Time needed for parsing: 0.113 seconds
2024-10-24 01:34:57 [main] INFO  Main - Starting exon skipping computation
2024-10-24 01:34:57 [main] INFO  ExonSkipping - Starting to compute WTs and SVs
2024-10-24 01:35:16 [main] INFO  GtfParser - Starting to parse gtf file
2024-10-24 01:35:16 [main] INFO  GtfParser - GTF-File parsed
2024-10-24 01:35:16 [main] INFO  Main - Time needed for parsing: 0.111 seconds
2024-10-24 01:35:16 [main] INFO  Main - Starting exon skipping computation
2024-10-24 01:35:16 [main] INFO  ExonSkipping - Starting to compute WTs and SVs
2024-10-24 01:36:25 [main] INFO  GtfParser - Starting to parse gtf file
2024-10-24 01:36:25 [main] INFO  GtfParser - GTF-File parsed
2024-10-24 01:36:25 [main] INFO  Main - Time needed for parsing: 0.101 seconds
2024-10-24 01:36:25 [main] INFO  Main - Starting exon skipping computation
2024-10-24 01:36:25 [main] INFO  ExonSkipping - Starting to compute WTs and SVs
2024-10-24 01:36:39 [main] INFO  Main - Finished exon skipping computation
2024-10-24 01:36:39 [main] INFO  Main - Time needed for exon skipping: 14.348 seconds
2024-10-24 01:36:42 [main] INFO  GtfParser - Starting to parse gtf file
2024-10-24 01:36:42 [main] INFO  GtfParser - GTF-File parsed
2024-10-24 01:36:42 [main] INFO  Main - Time needed for parsing: 0.104 seconds
2024-10-24 01:36:42 [main] INFO  Main - Starting exon skipping computation
2024-10-24 01:36:42 [main] INFO  ExonSkipping - Starting to compute WTs and SVs
2024-10-24 01:36:42 [main] INFO  Main - Finished exon skipping computation
2024-10-24 01:36:42 [main] INFO  Main - Time needed for exon skipping: 0.044 seconds
2024-10-24 01:37:05 [main] INFO  GtfParser - Starting to parse gtf file
2024-10-24 01:37:05 [main] INFO  GtfParser - GTF-File parsed
2024-10-24 01:37:05 [main] INFO  Main - Time needed for parsing: 0.151 seconds
2024-10-24 01:37:05 [main] INFO  Main - Starting exon skipping computation
2024-10-24 01:37:05 [main] INFO  ExonSkipping - Starting to compute WTs and SVs
2024-10-24 01:40:48 [main] INFO  Main - Finished exon skipping computation
2024-10-24 01:40:48 [main] INFO  Main - Time needed for exon skipping: 223.286 seconds
2024-10-24 01:42:29 [main] INFO  GtfParser - Starting to parse gtf file
2024-10-24 01:42:29 [main] INFO  GtfParser - GTF-File parsed
2024-10-24 01:42:29 [main] INFO  Main - Time needed for parsing: 0.106 seconds
2024-10-24 01:42:29 [main] INFO  Main - Starting exon skipping computation
2024-10-24 01:42:29 [main] INFO  ExonSkipping - Starting to compute WTs and SVs
2024-10-24 01:42:42 [main] INFO  Main - Finished exon skipping computation
2024-10-24 01:42:42 [main] INFO  Main - Time needed for exon skipping: 12.701 seconds
2024-10-24 01:42:55 [main] INFO  GtfParser - Starting to parse gtf file
2024-10-24 01:43:08 [main] INFO  GtfParser - GTF-File parsed
2024-10-24 01:43:08 [main] INFO  Main - Time needed for parsing: 12.954 seconds
2024-10-24 01:43:08 [main] INFO  Main - Starting exon skipping computation
2024-10-24 01:43:08 [main] INFO  ExonSkipping - Starting to compute WTs and SVs
2024-10-24 01:43:10 [main] INFO  Main - Finished exon skipping computation
2024-10-24 01:43:10 [main] INFO  Main - Time needed for exon skipping: 1.95 seconds
2024-10-24 01:43:43 [main] INFO  GtfParser - Starting to parse gtf file
2024-10-24 01:43:43 [main] INFO  GtfParser - GTF-File parsed
2024-10-24 01:43:43 [main] INFO  Main - Time needed for parsing: 0.096 seconds
2024-10-24 01:43:43 [main] INFO  Main - Starting exon skipping computation
2024-10-24 01:43:43 [main] INFO  ExonSkipping - Starting to compute WTs and SVs
2024-10-24 01:45:21 [main] INFO  Main - Finished exon skipping computation
2024-10-24 01:45:21 [main] INFO  Main - Time needed for exon skipping: 98.073 seconds
2024-10-24 01:45:25 [main] INFO  GtfParser - Starting to parse gtf file
2024-10-24 01:45:25 [main] INFO  GtfParser - GTF-File parsed
2024-10-24 01:45:25 [main] INFO  Main - Time needed for parsing: 0.097 seconds
2024-10-24 01:45:25 [main] INFO  Main - Starting exon skipping computation
2024-10-24 01:45:25 [main] INFO  ExonSkipping - Starting to compute WTs and SVs
2024-10-24 01:47:30 [main] INFO  GtfParser - Starting to parse gtf file
2024-10-24 01:47:30 [main] INFO  GtfParser - GTF-File parsed
2024-10-24 01:47:30 [main] INFO  Main - Time needed for parsing: 0.105 seconds
2024-10-24 01:47:30 [main] INFO  Main - Starting exon skipping computation
2024-10-24 01:47:30 [main] INFO  ExonSkipping - Starting to compute WTs and SVs
2024-10-24 01:48:02 [main] INFO  GtfParser - Starting to parse gtf file
2024-10-24 01:48:02 [main] INFO  GtfParser - GTF-File parsed
2024-10-24 01:48:02 [main] INFO  Main - Time needed for parsing: 0.106 seconds
2024-10-24 01:48:02 [main] INFO  Main - Starting exon skipping computation
2024-10-24 01:48:02 [main] INFO  ExonSkipping - Starting to compute WTs and SVs
2024-10-24 01:48:37 [main] INFO  GtfParser - Starting to parse gtf file
2024-10-24 01:48:37 [main] INFO  GtfParser - GTF-File parsed
2024-10-24 01:48:37 [main] INFO  Main - Time needed for parsing: 0.117 seconds
2024-10-24 01:48:37 [main] INFO  Main - Starting exon skipping computation
2024-10-24 01:48:37 [main] INFO  ExonSkipping - Starting to compute WTs and SVs
2024-10-24 01:48:51 [main] INFO  GtfParser - Starting to parse gtf file
2024-10-24 01:48:51 [main] INFO  GtfParser - GTF-File parsed
2024-10-24 01:48:51 [main] INFO  Main - Time needed for parsing: 0.092 seconds
2024-10-24 01:48:51 [main] INFO  Main - Starting exon skipping computation
2024-10-24 01:48:51 [main] INFO  ExonSkipping - Starting to compute WTs and SVs
2024-10-24 01:49:34 [main] INFO  GtfParser - Starting to parse gtf file
2024-10-24 01:49:34 [main] INFO  GtfParser - GTF-File parsed
2024-10-24 01:49:34 [main] INFO  Main - Time needed for parsing: 0.104 seconds
2024-10-24 01:49:34 [main] INFO  Main - Starting exon skipping computation
2024-10-24 01:49:34 [main] INFO  ExonSkipping - Starting to compute WTs and SVs
2024-10-24 01:49:40 [main] INFO  Main - Finished exon skipping computation
2024-10-24 01:49:40 [main] INFO  Main - Time needed for exon skipping: 6.133 seconds
2024-10-24 01:49:45 [main] INFO  GtfParser - Starting to parse gtf file
2024-10-24 01:49:45 [main] INFO  GtfParser - GTF-File parsed
2024-10-24 01:49:45 [main] INFO  Main - Time needed for parsing: 0.096 seconds
2024-10-24 01:49:45 [main] INFO  Main - Starting exon skipping computation
2024-10-24 01:49:45 [main] INFO  ExonSkipping - Starting to compute WTs and SVs
2024-10-24 01:50:02 [main] INFO  Main - Finished exon skipping computation
2024-10-24 01:50:02 [main] INFO  Main - Time needed for exon skipping: 16.733 seconds
2024-10-24 01:50:05 [main] INFO  GtfParser - Starting to parse gtf file
2024-10-24 01:50:05 [main] INFO  GtfParser - GTF-File parsed
2024-10-24 01:50:05 [main] INFO  Main - Time needed for parsing: 0.075 seconds
2024-10-24 01:50:05 [main] INFO  Main - Starting exon skipping computation
2024-10-24 01:50:05 [main] INFO  ExonSkipping - Starting to compute WTs and SVs
2024-10-24 01:50:05 [main] INFO  Main - Finished exon skipping computation
2024-10-24 01:50:05 [main] INFO  Main - Time needed for exon skipping: 0.034 seconds
2024-10-24 01:50:22 [main] INFO  GtfParser - Starting to parse gtf file
2024-10-24 01:50:38 [main] INFO  GtfParser - GTF-File parsed
2024-10-24 01:50:38 [main] INFO  Main - Time needed for parsing: 16.384 seconds
2024-10-24 01:50:38 [main] INFO  Main - Starting exon skipping computation
2024-10-24 01:50:38 [main] INFO  ExonSkipping - Starting to compute WTs and SVs
2024-10-24 01:50:40 [main] INFO  Main - Finished exon skipping computation
2024-10-24 01:50:40 [main] INFO  Main - Time needed for exon skipping: 2.04 seconds
2024-10-24 01:54:40 [main] INFO  GtfParser - Starting to parse gtf file
2024-10-24 01:54:52 [main] INFO  GtfParser - GTF-File parsed
2024-10-24 01:54:52 [main] INFO  Main - Time needed for parsing: 12.408 seconds
2024-10-24 01:54:52 [main] INFO  Main - Starting exon skipping computation
2024-10-24 01:54:52 [main] INFO  ExonSkipping - Starting to compute WTs and SVs
2024-10-24 01:54:55 [main] INFO  Main - Finished exon skipping computation
2024-10-24 01:54:55 [main] INFO  Main - Time needed for exon skipping: 2.659 seconds
2024-10-24 01:57:32 [main] INFO  GtfParser - Starting to parse gtf file
2024-10-24 01:57:49 [main] INFO  GtfParser - GTF-File parsed
2024-10-24 01:57:49 [main] INFO  Main - Time needed for parsing: 17.29 seconds
2024-10-24 01:57:49 [main] INFO  Main - Starting exon skipping computation
2024-10-24 01:57:49 [main] INFO  ExonSkipping - Starting to compute WTs and SVs
2024-10-24 02:00:05 [main] INFO  GtfParser - Starting to parse gtf file
2024-10-24 02:00:05 [main] INFO  GtfParser - GTF-File parsed
2024-10-24 02:00:05 [main] INFO  Main - Time needed for parsing: 0.119 seconds
2024-10-24 02:00:05 [main] INFO  Main - Starting exon skipping computation
2024-10-24 02:00:05 [main] INFO  ExonSkipping - Starting to compute WTs and SVs
2024-10-24 02:00:31 [main] INFO  Main - Finished exon skipping computation
2024-10-24 02:00:31 [main] INFO  Main - Time needed for exon skipping: 26.053 seconds
2024-10-24 02:00:35 [main] INFO  GtfParser - Starting to parse gtf file
2024-10-24 02:00:35 [main] INFO  GtfParser - GTF-File parsed
2024-10-24 02:00:35 [main] INFO  Main - Time needed for parsing: 0.1 seconds
2024-10-24 02:00:35 [main] INFO  Main - Starting exon skipping computation
2024-10-24 02:00:35 [main] INFO  ExonSkipping - Starting to compute WTs and SVs
2024-10-24 02:00:40 [main] INFO  Main - Finished exon skipping computation
2024-10-24 02:00:40 [main] INFO  Main - Time needed for exon skipping: 4.93 seconds
2024-10-24 02:00:44 [main] INFO  GtfParser - Starting to parse gtf file
2024-10-24 02:00:45 [main] INFO  GtfParser - GTF-File parsed
2024-10-24 02:00:45 [main] INFO  Main - Time needed for parsing: 0.118 seconds
2024-10-24 02:00:45 [main] INFO  Main - Starting exon skipping computation
2024-10-24 02:00:45 [main] INFO  ExonSkipping - Starting to compute WTs and SVs
2024-10-24 02:00:49 [main] INFO  Main - Finished exon skipping computation
2024-10-24 02:00:49 [main] INFO  Main - Time needed for exon skipping: 4.634 seconds
2024-10-24 02:01:20 [main] INFO  GtfParser - Starting to parse gtf file
2024-10-24 02:01:20 [main] INFO  GtfParser - GTF-File parsed
2024-10-24 02:01:20 [main] INFO  Main - Time needed for parsing: 0.102 seconds
2024-10-24 02:01:20 [main] INFO  Main - Starting exon skipping computation
2024-10-24 02:01:20 [main] INFO  ExonSkipping - Starting to compute WTs and SVs
2024-10-24 02:01:47 [main] INFO  Main - Finished exon skipping computation
2024-10-24 02:01:47 [main] INFO  Main - Time needed for exon skipping: 26.878 seconds
2024-10-24 02:02:06 [main] INFO  GtfParser - Starting to parse gtf file
2024-10-24 02:02:06 [main] INFO  GtfParser - GTF-File parsed
2024-10-24 02:02:06 [main] INFO  Main - Time needed for parsing: 0.093 seconds
2024-10-24 02:02:06 [main] INFO  Main - Starting exon skipping computation
2024-10-24 02:02:06 [main] INFO  ExonSkipping - Starting to compute WTs and SVs
2024-10-24 02:02:08 [main] INFO  Main - Finished exon skipping computation
2024-10-24 02:02:08 [main] INFO  Main - Time needed for exon skipping: 2.031 seconds
2024-10-24 02:03:07 [main] INFO  GtfParser - Starting to parse gtf file
2024-10-24 02:03:07 [main] INFO  GtfParser - GTF-File parsed
2024-10-24 02:03:07 [main] INFO  Main - Time needed for parsing: 0.107 seconds
2024-10-24 02:03:07 [main] INFO  Main - Starting exon skipping computation
2024-10-24 02:03:07 [main] INFO  ExonSkipping - Starting to compute WTs and SVs
2024-10-24 02:03:15 [main] INFO  Main - Finished exon skipping computation
2024-10-24 02:03:15 [main] INFO  Main - Time needed for exon skipping: 7.759 seconds
2024-10-24 02:03:54 [main] INFO  GtfParser - Starting to parse gtf file
2024-10-24 02:03:54 [main] INFO  GtfParser - GTF-File parsed
2024-10-24 02:03:54 [main] INFO  Main - Time needed for parsing: 0.07 seconds
2024-10-24 02:03:54 [main] INFO  Main - Starting exon skipping computation
2024-10-24 02:03:54 [main] INFO  ExonSkipping - Starting to compute WTs and SVs
2024-10-24 02:03:54 [main] INFO  Main - Finished exon skipping computation
2024-10-24 02:03:54 [main] INFO  Main - Time needed for exon skipping: 0.037 seconds
2024-10-24 02:04:34 [main] INFO  GtfParser - Starting to parse gtf file
2024-10-24 02:04:34 [main] INFO  GtfParser - GTF-File parsed
2024-10-24 02:04:34 [main] INFO  Main - Time needed for parsing: 0.135 seconds
2024-10-24 02:04:34 [main] INFO  Main - Starting exon skipping computation
2024-10-24 02:04:34 [main] INFO  ExonSkipping - Starting to compute WTs and SVs
2024-10-24 02:07:43 [main] INFO  GtfParser - Starting to parse gtf file
2024-10-24 02:07:43 [main] INFO  GtfParser - GTF-File parsed
2024-10-24 02:07:43 [main] INFO  Main - Time needed for parsing: 0.108 seconds
2024-10-24 02:07:43 [main] INFO  Main - Starting exon skipping computation
2024-10-24 02:07:43 [main] INFO  ExonSkipping - Starting to compute WTs and SVs
2024-10-24 02:08:21 [main] INFO  Main - Finished exon skipping computation
2024-10-24 02:08:21 [main] INFO  Main - Time needed for exon skipping: 37.842 seconds
2024-10-24 02:09:57 [main] INFO  GtfParser - Starting to parse gtf file
2024-10-24 02:09:57 [main] INFO  GtfParser - GTF-File parsed
2024-10-24 02:09:57 [main] INFO  Main - Time needed for parsing: 0.092 seconds
2024-10-24 02:09:57 [main] INFO  Main - Starting exon skipping computation
2024-10-24 02:09:57 [main] INFO  ExonSkipping - Starting to compute WTs and SVs
2024-10-24 02:12:28 [main] INFO  Main - Finished exon skipping computation
2024-10-24 02:12:28 [main] INFO  Main - Time needed for exon skipping: 151.353 seconds
2024-10-24 02:12:43 [main] INFO  GtfParser - Starting to parse gtf file
2024-10-24 02:12:52 [main] INFO  GtfParser - GTF-File parsed
2024-10-24 02:12:52 [main] INFO  Main - Time needed for parsing: 9.671 seconds
2024-10-24 02:12:52 [main] INFO  Main - Starting exon skipping computation
2024-10-24 02:12:52 [main] INFO  ExonSkipping - Starting to compute WTs and SVs
2024-10-24 02:12:55 [main] INFO  Main - Finished exon skipping computation
2024-10-24 02:12:55 [main] INFO  Main - Time needed for exon skipping: 2.672 seconds
2024-10-24 02:15:55 [main] INFO  GtfParser - Starting to parse gtf file
2024-10-24 02:16:00 [main] INFO  GtfParser - GTF-File parsed
2024-10-24 02:16:00 [main] INFO  Main - Time needed for parsing: 5.026 seconds
2024-10-24 02:16:00 [main] INFO  Main - Starting exon skipping computation
2024-10-24 02:16:00 [main] INFO  ExonSkipping - Starting to compute WTs and SVs
2024-10-24 02:16:02 [main] INFO  Main - Finished exon skipping computation
2024-10-24 02:16:02 [main] INFO  Main - Time needed for exon skipping: 1.678 seconds
2024-10-24 02:17:33 [main] INFO  GtfParser - Starting to parse gtf file
2024-10-24 02:17:47 [main] INFO  GtfParser - Starting to parse gtf file
2024-10-24 02:17:47 [main] INFO  GtfParser - GTF-File parsed
2024-10-24 02:17:47 [main] INFO  Main - Time needed for parsing: 0.109 seconds
2024-10-24 02:17:47 [main] INFO  Main - Starting exon skipping computation
2024-10-24 02:17:47 [main] INFO  ExonSkipping - Starting to compute WTs and SVs
2024-10-24 02:19:38 [main] INFO  Main - Finished exon skipping computation
2024-10-24 02:19:38 [main] INFO  Main - Time needed for exon skipping: 111.647 seconds
2024-10-24 02:20:43 [main] INFO  GtfParser - Starting to parse gtf file
2024-10-24 02:20:43 [main] INFO  GtfParser - GTF-File parsed
2024-10-24 02:20:43 [main] INFO  Main - Time needed for parsing: 0.093 seconds
2024-10-24 02:20:43 [main] INFO  Main - Starting exon skipping computation
2024-10-24 02:20:43 [main] INFO  ExonSkipping - Starting to compute WTs and SVs
2024-10-24 02:22:41 [main] INFO  Main - Finished exon skipping computation
2024-10-24 02:22:41 [main] INFO  Main - Time needed for exon skipping: 117.132 seconds
2024-10-24 02:22:47 [main] INFO  GtfParser - Starting to parse gtf file
2024-10-24 02:22:47 [main] INFO  GtfParser - GTF-File parsed
2024-10-24 02:22:47 [main] INFO  Main - Time needed for parsing: 0.097 seconds
2024-10-24 02:22:47 [main] INFO  Main - Starting exon skipping computation
2024-10-24 02:22:47 [main] INFO  ExonSkipping - Starting to compute WTs and SVs
2024-10-24 02:22:54 [main] INFO  Main - Finished exon skipping computation
2024-10-24 02:22:54 [main] INFO  Main - Time needed for exon skipping: 6.873 seconds
2024-10-24 02:23:47 [main] INFO  GtfParser - Starting to parse gtf file
2024-10-24 02:23:47 [main] INFO  GtfParser - GTF-File parsed
2024-10-24 02:23:47 [main] INFO  Main - Time needed for parsing: 0.106 seconds
2024-10-24 02:23:47 [main] INFO  Main - Starting exon skipping computation
2024-10-24 02:23:47 [main] INFO  ExonSkipping - Starting to compute WTs and SVs
2024-10-24 02:24:56 [main] INFO  Main - Finished exon skipping computation
2024-10-24 02:24:56 [main] INFO  Main - Time needed for exon skipping: 69.469 seconds
2024-10-24 02:25:00 [main] INFO  GtfParser - Starting to parse gtf file
2024-10-24 02:25:00 [main] INFO  GtfParser - GTF-File parsed
2024-10-24 02:25:00 [main] INFO  Main - Time needed for parsing: 0.106 seconds
2024-10-24 02:25:00 [main] INFO  Main - Starting exon skipping computation
2024-10-24 02:25:00 [main] INFO  ExonSkipping - Starting to compute WTs and SVs
2024-10-24 02:26:57 [main] INFO  GtfParser - Starting to parse gtf file
2024-10-24 02:26:57 [main] INFO  GtfParser - GTF-File parsed
2024-10-24 02:26:57 [main] INFO  Main - Time needed for parsing: 0.108 seconds
2024-10-24 02:26:57 [main] INFO  Main - Starting exon skipping computation
2024-10-24 02:26:57 [main] INFO  ExonSkipping - Starting to compute WTs and SVs
2024-10-24 02:28:01 [main] INFO  Main - Finished exon skipping computation
2024-10-24 02:28:01 [main] INFO  Main - Time needed for exon skipping: 64.186 seconds
2024-10-24 02:28:52 [main] INFO  GtfParser - Starting to parse gtf file
2024-10-24 02:28:52 [main] INFO  GtfParser - GTF-File parsed
2024-10-24 02:28:52 [main] INFO  Main - Time needed for parsing: 0.108 seconds
2024-10-24 02:28:52 [main] INFO  Main - Starting exon skipping computation
2024-10-24 02:28:52 [main] INFO  ExonSkipping - Starting to compute WTs and SVs
2024-10-24 02:32:33 [main] INFO  GtfParser - Starting to parse gtf file
2024-10-24 02:32:33 [main] INFO  GtfParser - GTF-File parsed
2024-10-24 02:32:33 [main] INFO  Main - Time needed for parsing: 0.097 seconds
2024-10-24 02:32:33 [main] INFO  Main - Starting exon skipping computation
2024-10-24 02:32:33 [main] INFO  ExonSkipping - Starting to compute WTs and SVs
2024-10-24 02:33:01 [main] INFO  Main - Finished exon skipping computation
2024-10-24 02:33:01 [main] INFO  Main - Time needed for exon skipping: 27.797 seconds
2024-10-24 02:34:23 [main] INFO  GtfParser - Starting to parse gtf file
2024-10-24 02:34:23 [main] INFO  GtfParser - GTF-File parsed
2024-10-24 02:34:23 [main] INFO  Main - Time needed for parsing: 0.115 seconds
2024-10-24 02:34:23 [main] INFO  Main - Starting exon skipping computation
2024-10-24 02:34:23 [main] INFO  ExonSkipping - Starting to compute WTs and SVs
2024-10-24 02:35:02 [main] INFO  Main - Finished exon skipping computation
2024-10-24 02:35:02 [main] INFO  Main - Time needed for exon skipping: 38.638 seconds
2024-10-24 02:35:48 [main] INFO  GtfParser - Starting to parse gtf file
2024-10-24 02:35:48 [main] INFO  GtfParser - GTF-File parsed
2024-10-24 02:35:48 [main] INFO  Main - Time needed for parsing: 0.082 seconds
2024-10-24 02:35:48 [main] INFO  Main - Starting exon skipping computation
2024-10-24 02:35:48 [main] INFO  ExonSkipping - Starting to compute WTs and SVs
2024-10-24 02:35:48 [main] INFO  Main - Finished exon skipping computation
2024-10-24 02:35:48 [main] INFO  Main - Time needed for exon skipping: 0.037 seconds
2024-10-24 02:35:51 [main] INFO  GtfParser - Starting to parse gtf file
2024-10-24 02:35:51 [main] INFO  GtfParser - GTF-File parsed
2024-10-24 02:35:51 [main] INFO  Main - Time needed for parsing: 0.107 seconds
2024-10-24 02:35:51 [main] INFO  Main - Starting exon skipping computation
2024-10-24 02:35:51 [main] INFO  ExonSkipping - Starting to compute WTs and SVs
2024-10-24 02:36:00 [main] INFO  Main - Finished exon skipping computation
2024-10-24 02:36:00 [main] INFO  Main - Time needed for exon skipping: 8.662 seconds
2024-10-24 02:37:36 [main] INFO  GtfParser - Starting to parse gtf file
2024-10-24 02:37:36 [main] INFO  GtfParser - GTF-File parsed
2024-10-24 02:37:36 [main] INFO  Main - Time needed for parsing: 0.099 seconds
2024-10-24 02:37:36 [main] INFO  Main - Starting exon skipping computation
2024-10-24 02:37:36 [main] INFO  ExonSkipping - Starting to compute WTs and SVs
2024-10-24 02:37:56 [main] INFO  Main - Finished exon skipping computation
2024-10-24 02:37:56 [main] INFO  Main - Time needed for exon skipping: 19.849 seconds
2024-10-24 02:39:06 [main] INFO  GtfParser - Starting to parse gtf file
2024-10-24 02:39:06 [main] INFO  GtfParser - GTF-File parsed
2024-10-24 02:39:06 [main] INFO  Main - Time needed for parsing: 0.096 seconds
2024-10-24 02:39:06 [main] INFO  Main - Starting exon skipping computation
2024-10-24 02:39:06 [main] INFO  ExonSkipping - Starting to compute WTs and SVs
2024-10-24 02:39:19 [main] INFO  Main - Finished exon skipping computation
2024-10-24 02:39:19 [main] INFO  Main - Time needed for exon skipping: 12.829 seconds
2024-10-24 03:04:36 [main] INFO  GtfParser - Starting to parse gtf file
2024-10-24 03:04:36 [main] INFO  GtfParser - GTF-File parsed
2024-10-24 03:04:36 [main] INFO  Main - Time needed for parsing: 0.079 seconds
2024-10-24 03:04:36 [main] INFO  Main - Starting exon skipping computation
2024-10-24 03:04:36 [main] INFO  ExonSkipping - Starting to compute WTs and SVs
2024-10-24 03:04:36 [main] INFO  Main - Finished exon skipping computation
2024-10-24 03:04:36 [main] INFO  Main - Time needed for exon skipping: 0.041 seconds
2024-10-24 03:05:12 [main] INFO  GtfParser - Starting to parse gtf file
2024-10-24 03:05:12 [main] INFO  GtfParser - GTF-File parsed
2024-10-24 03:05:12 [main] INFO  Main - Time needed for parsing: 0.077 seconds
2024-10-24 03:05:12 [main] INFO  Main - Starting exon skipping computation
2024-10-24 03:05:12 [main] INFO  ExonSkipping - Starting to compute WTs and SVs
2024-10-24 03:05:12 [main] INFO  Main - Finished exon skipping computation
2024-10-24 03:05:12 [main] INFO  Main - Time needed for exon skipping: 0.053 seconds
2024-10-24 03:06:27 [main] INFO  GtfParser - Starting to parse gtf file
2024-10-24 03:06:27 [main] INFO  GtfParser - GTF-File parsed
2024-10-24 03:06:27 [main] INFO  Main - Time needed for parsing: 0.075 seconds
2024-10-24 03:06:27 [main] INFO  Main - Starting exon skipping computation
2024-10-24 03:06:27 [main] INFO  ExonSkipping - Starting to compute WTs and SVs
2024-10-24 03:06:27 [main] INFO  Main - Finished exon skipping computation
2024-10-24 03:06:27 [main] INFO  Main - Time needed for exon skipping: 0.045 seconds
2024-10-24 03:06:36 [main] INFO  GtfParser - Starting to parse gtf file
2024-10-24 03:06:36 [main] INFO  GtfParser - GTF-File parsed
2024-10-24 03:06:36 [main] INFO  Main - Time needed for parsing: 0.079 seconds
2024-10-24 03:06:36 [main] INFO  Main - Starting exon skipping computation
2024-10-24 03:06:36 [main] INFO  ExonSkipping - Starting to compute WTs and SVs
2024-10-24 03:06:36 [main] INFO  Main - Finished exon skipping computation
2024-10-24 03:06:36 [main] INFO  Main - Time needed for exon skipping: 0.04 seconds
2024-10-24 03:07:16 [main] INFO  GtfParser - Starting to parse gtf file
2024-10-24 03:07:16 [main] INFO  GtfParser - GTF-File parsed
2024-10-24 03:07:16 [main] INFO  Main - Time needed for parsing: 0.099 seconds
2024-10-24 03:07:16 [main] INFO  Main - Starting exon skipping computation
2024-10-24 03:07:16 [main] INFO  ExonSkipping - Starting to compute WTs and SVs
2024-10-24 03:08:08 [main] INFO  Main - Finished exon skipping computation
2024-10-24 03:08:08 [main] INFO  Main - Time needed for exon skipping: 51.794 seconds
2024-10-24 03:08:11 [main] INFO  GtfParser - Starting to parse gtf file
2024-10-24 03:08:11 [main] INFO  GtfParser - GTF-File parsed
2024-10-24 03:08:11 [main] INFO  Main - Time needed for parsing: 0.074 seconds
2024-10-24 03:08:11 [main] INFO  Main - Starting exon skipping computation
2024-10-24 03:08:11 [main] INFO  ExonSkipping - Starting to compute WTs and SVs
2024-10-24 03:08:11 [main] INFO  Main - Finished exon skipping computation
2024-10-24 03:08:11 [main] INFO  Main - Time needed for exon skipping: 0.042 seconds
2024-10-24 03:08:27 [main] INFO  GtfParser - Starting to parse gtf file
2024-10-24 03:08:27 [main] INFO  GtfParser - GTF-File parsed
2024-10-24 03:08:27 [main] INFO  Main - Time needed for parsing: 0.096 seconds
2024-10-24 03:08:27 [main] INFO  Main - Starting exon skipping computation
2024-10-24 03:08:27 [main] INFO  ExonSkipping - Starting to compute WTs and SVs
2024-10-24 03:08:27 [main] INFO  Main - Finished exon skipping computation
2024-10-24 03:08:27 [main] INFO  Main - Time needed for exon skipping: 0.044 seconds
2024-10-24 03:10:38 [main] INFO  GtfParser - Starting to parse gtf file
2024-10-24 03:10:38 [main] INFO  GtfParser - GTF-File parsed
2024-10-24 03:10:38 [main] INFO  Main - Time needed for parsing: 0.08 seconds
2024-10-24 03:10:38 [main] INFO  Main - Starting exon skipping computation
2024-10-24 03:10:38 [main] INFO  ExonSkipping - Starting to compute WTs and SVs
2024-10-24 03:10:38 [main] INFO  Main - Finished exon skipping computation
2024-10-24 03:10:38 [main] INFO  Main - Time needed for exon skipping: 0.055 seconds
